#! /opt/homebrew/Cellar/icarus-verilog/12.0/bin/vvp
:ivl_version "12.0 (stable)";
:ivl_delay_selection "TYPICAL";
:vpi_time_precision - 12;
:vpi_module "/opt/homebrew/Cellar/icarus-verilog/12.0/lib/ivl/system.vpi";
:vpi_module "/opt/homebrew/Cellar/icarus-verilog/12.0/lib/ivl/vhdl_sys.vpi";
:vpi_module "/opt/homebrew/Cellar/icarus-verilog/12.0/lib/ivl/vhdl_textio.vpi";
:vpi_module "/opt/homebrew/Cellar/icarus-verilog/12.0/lib/ivl/v2005_math.vpi";
:vpi_module "/opt/homebrew/Cellar/icarus-verilog/12.0/lib/ivl/va_math.vpi";
:vpi_module "/opt/homebrew/Cellar/icarus-verilog/12.0/lib/ivl/v2009.vpi";
S_0x15170db30 .scope package, "$unit" "$unit" 2 1;
 .timescale 0 0;
S_0x1517049e0 .scope module, "tb_bitPair" "tb_bitPair" 3 3;
 .timescale -9 -12;
v0x15172e520_0 .var/s "M", 31 0;
v0x15172e5d0_0 .var/s "Q", 31 0;
v0x15172e680_0 .var/i "currentTime", 31 0;
v0x15172e730_0 .var/i "goalTime", 31 0;
v0x15172e7e0_0 .var/i "minutes", 31 0;
v0x15172e8d0_0 .var/s "refValue", 63 0;
v0x15172e980_0 .var/i "startTime", 31 0;
v0x15172ea30_0 .net/s "sum", 63 0, v0x15172e1a0_0;  1 drivers
v0x15172ead0_0 .var/i "tests", 31 0;
S_0x151704b50 .scope task, "check" "check" 3 18, 3 18 0, S_0x1517049e0;
 .timescale -9 -12;
TD_tb_bitPair.check ;
    %load/vec4 v0x15172ead0_0;
    %addi 1, 0, 32;
    %store/vec4 v0x15172ead0_0, 0, 32;
    %load/vec4 v0x15172e520_0;
    %pad/s 64;
    %load/vec4 v0x15172e5d0_0;
    %pad/s 64;
    %mul;
    %store/vec4 v0x15172e8d0_0, 0, 64;
    %delay 1000, 0;
    %load/vec4 v0x15172ea30_0;
    %load/vec4 v0x15172e8d0_0;
    %cmp/ne;
    %jmp/0xz  T_0.0, 6;
    %vpi_call/w 3 24 "$display", "FAIL: M=%b Q=%b | got sum=%b expected=%b", v0x15172e520_0, v0x15172e5d0_0, v0x15172ea30_0, v0x15172e8d0_0 {0 0 0};
    %vpi_call/w 3 25 "$stop" {0 0 0};
T_0.0 ;
    %end;
S_0x15171e670 .scope module, "dut" "booth_bit_pair" 3 7, 4 1 0, S_0x1517049e0;
 .timescale -9 -12;
    .port_info 0 /INPUT 32 "M";
    .port_info 1 /INPUT 32 "Q";
    .port_info 2 /OUTPUT 64 "P";
P_0x151704cc0 .param/l "N" 0 4 2, +C4<00000000000000000000000000100000>;
v0x15170dd20_0 .net/s "M", 31 0, v0x15172e520_0;  1 drivers
v0x15172e100_0 .var/s "M_ext", 63 0;
v0x15172e1a0_0 .var/s "P", 63 0;
v0x15172e230_0 .net/s "Q", 31 0, v0x15172e5d0_0;  1 drivers
v0x15172e2c0_0 .var "booth_bits", 2 0;
v0x15172e390_0 .var/i "i", 31 0;
v0x15172e440_0 .var/s "pp", 63 0;
E_0x1517061d0/0 .event anyedge, v0x15170dd20_0, v0x15172e230_0, v0x15172e2c0_0, v0x15172e100_0;
E_0x1517061d0/1 .event anyedge, v0x15172e1a0_0, v0x15172e440_0;
E_0x1517061d0 .event/or E_0x1517061d0/0, E_0x1517061d0/1;
    .scope S_0x15171e670;
T_1 ;
    %wait E_0x1517061d0;
    %load/vec4 v0x15170dd20_0;
    %parti/s 1, 31, 6;
    %replicate 32;
    %load/vec4 v0x15170dd20_0;
    %concat/vec4; draw_concat_vec4
    %store/vec4 v0x15172e100_0, 0, 64;
    %pushi/vec4 0, 0, 64;
    %store/vec4 v0x15172e1a0_0, 0, 64;
    %pushi/vec4 0, 0, 32;
    %store/vec4 v0x15172e390_0, 0, 32;
T_1.0 ;
    %load/vec4 v0x15172e390_0;
    %cmpi/s 16, 0, 32;
    %jmp/0xz T_1.1, 5;
    %load/vec4 v0x15172e390_0;
    %cmpi/e 0, 0, 32;
    %flag_mov 8, 4;
    %jmp/0 T_1.2, 8;
    %pushi/vec4 0, 0, 1;
    %jmp/1 T_1.3, 8;
T_1.2 ; End of true expr.
    %load/vec4 v0x15172e230_0;
    %load/vec4 v0x15172e390_0;
    %muli 2, 0, 32;
    %subi 1, 0, 32;
    %part/s 1;
    %jmp/0 T_1.3, 8;
 ; End of false expr.
    %blend;
T_1.3;
    %ix/load 4, 0, 0;
    %flag_set/imm 4, 0;
    %store/vec4 v0x15172e2c0_0, 4, 1;
    %load/vec4 v0x15172e230_0;
    %load/vec4 v0x15172e390_0;
    %muli 2, 0, 32;
    %part/s 1;
    %ix/load 4, 1, 0;
    %flag_set/imm 4, 0;
    %store/vec4 v0x15172e2c0_0, 4, 1;
    %load/vec4 v0x15172e390_0;
    %muli 2, 0, 32;
    %addi 1, 0, 32;
    %cmpi/s 32, 0, 32;
    %flag_mov 8, 5;
    %jmp/0 T_1.4, 8;
    %load/vec4 v0x15172e230_0;
    %load/vec4 v0x15172e390_0;
    %muli 2, 0, 32;
    %addi 1, 0, 32;
    %part/s 1;
    %jmp/1 T_1.5, 8;
T_1.4 ; End of true expr.
    %load/vec4 v0x15172e230_0;
    %parti/s 1, 31, 6;
    %jmp/0 T_1.5, 8;
 ; End of false expr.
    %blend;
T_1.5;
    %ix/load 4, 2, 0;
    %flag_set/imm 4, 0;
    %store/vec4 v0x15172e2c0_0, 4, 1;
    %load/vec4 v0x15172e2c0_0;
    %dup/vec4;
    %pushi/vec4 0, 0, 3;
    %cmp/u;
    %jmp/1 T_1.6, 6;
    %dup/vec4;
    %pushi/vec4 7, 0, 3;
    %cmp/u;
    %jmp/1 T_1.7, 6;
    %dup/vec4;
    %pushi/vec4 1, 0, 3;
    %cmp/u;
    %jmp/1 T_1.8, 6;
    %dup/vec4;
    %pushi/vec4 2, 0, 3;
    %cmp/u;
    %jmp/1 T_1.9, 6;
    %dup/vec4;
    %pushi/vec4 3, 0, 3;
    %cmp/u;
    %jmp/1 T_1.10, 6;
    %dup/vec4;
    %pushi/vec4 4, 0, 3;
    %cmp/u;
    %jmp/1 T_1.11, 6;
    %dup/vec4;
    %pushi/vec4 5, 0, 3;
    %cmp/u;
    %jmp/1 T_1.12, 6;
    %dup/vec4;
    %pushi/vec4 6, 0, 3;
    %cmp/u;
    %jmp/1 T_1.13, 6;
    %pushi/vec4 0, 0, 64;
    %store/vec4 v0x15172e440_0, 0, 64;
    %jmp T_1.15;
T_1.6 ;
    %pushi/vec4 0, 0, 64;
    %store/vec4 v0x15172e440_0, 0, 64;
    %jmp T_1.15;
T_1.7 ;
    %pushi/vec4 0, 0, 64;
    %store/vec4 v0x15172e440_0, 0, 64;
    %jmp T_1.15;
T_1.8 ;
    %load/vec4 v0x15172e100_0;
    %store/vec4 v0x15172e440_0, 0, 64;
    %jmp T_1.15;
T_1.9 ;
    %load/vec4 v0x15172e100_0;
    %store/vec4 v0x15172e440_0, 0, 64;
    %jmp T_1.15;
T_1.10 ;
    %load/vec4 v0x15172e100_0;
    %ix/load 4, 1, 0;
    %flag_set/imm 4, 0;
    %shiftl 4;
    %store/vec4 v0x15172e440_0, 0, 64;
    %jmp T_1.15;
T_1.11 ;
    %load/vec4 v0x15172e100_0;
    %ix/load 4, 1, 0;
    %flag_set/imm 4, 0;
    %shiftl 4;
    %inv;
    %pushi/vec4 1, 0, 64;
    %add;
    %store/vec4 v0x15172e440_0, 0, 64;
    %jmp T_1.15;
T_1.12 ;
    %load/vec4 v0x15172e100_0;
    %inv;
    %pushi/vec4 1, 0, 64;
    %add;
    %store/vec4 v0x15172e440_0, 0, 64;
    %jmp T_1.15;
T_1.13 ;
    %load/vec4 v0x15172e100_0;
    %inv;
    %pushi/vec4 1, 0, 64;
    %add;
    %store/vec4 v0x15172e440_0, 0, 64;
    %jmp T_1.15;
T_1.15 ;
    %pop/vec4 1;
    %load/vec4 v0x15172e1a0_0;
    %load/vec4 v0x15172e440_0;
    %load/vec4 v0x15172e390_0;
    %muli 2, 0, 32;
    %ix/vec4 4;
    %shiftl 4;
    %add;
    %store/vec4 v0x15172e1a0_0, 0, 64;
    %load/vec4 v0x15172e390_0;
    %addi 1, 0, 32;
    %store/vec4 v0x15172e390_0, 0, 32;
    %jmp T_1.0;
T_1.1 ;
    %jmp T_1;
    .thread T_1, $push;
    .scope S_0x1517049e0;
T_2 ;
    %pushi/vec4 4294967278, 0, 32;
    %store/vec4 v0x15172ead0_0, 0, 32;
    %pushi/vec4 829341696, 0, 32;
    %store/vec4 v0x15172e730_0, 0, 32;
    %vpi_call/w 3 33 "$display", "Starting Booth's Bit Pair Test..." {0 0 0};
    %pushi/vec4 0, 0, 32;
    %store/vec4 v0x15172e520_0, 0, 32;
    %pushi/vec4 0, 0, 32;
    %store/vec4 v0x15172e5d0_0, 0, 32;
    %fork TD_tb_bitPair.check, S_0x151704b50;
    %join;
    %pushi/vec4 0, 0, 32;
    %store/vec4 v0x15172e520_0, 0, 32;
    %pushi/vec4 4294967295, 0, 32;
    %store/vec4 v0x15172e5d0_0, 0, 32;
    %fork TD_tb_bitPair.check, S_0x151704b50;
    %join;
    %pushi/vec4 4294967295, 0, 32;
    %store/vec4 v0x15172e520_0, 0, 32;
    %pushi/vec4 0, 0, 32;
    %store/vec4 v0x15172e5d0_0, 0, 32;
    %fork TD_tb_bitPair.check, S_0x151704b50;
    %join;
    %pushi/vec4 1, 0, 32;
    %store/vec4 v0x15172e520_0, 0, 32;
    %pushi/vec4 4294967295, 0, 32;
    %store/vec4 v0x15172e5d0_0, 0, 32;
    %fork TD_tb_bitPair.check, S_0x151704b50;
    %join;
    %pushi/vec4 4294967295, 0, 32;
    %store/vec4 v0x15172e520_0, 0, 32;
    %pushi/vec4 4294967295, 0, 32;
    %store/vec4 v0x15172e5d0_0, 0, 32;
    %fork TD_tb_bitPair.check, S_0x151704b50;
    %join;
    %pushi/vec4 7, 0, 32;
    %store/vec4 v0x15172e520_0, 0, 32;
    %pushi/vec4 4294967293, 0, 32;
    %store/vec4 v0x15172e5d0_0, 0, 32;
    %fork TD_tb_bitPair.check, S_0x151704b50;
    %join;
    %pushi/vec4 4294967289, 0, 32;
    %store/vec4 v0x15172e520_0, 0, 32;
    %pushi/vec4 3, 0, 32;
    %store/vec4 v0x15172e5d0_0, 0, 32;
    %fork TD_tb_bitPair.check, S_0x151704b50;
    %join;
    %pushi/vec4 4294967289, 0, 32;
    %store/vec4 v0x15172e520_0, 0, 32;
    %pushi/vec4 4294967293, 0, 32;
    %store/vec4 v0x15172e5d0_0, 0, 32;
    %fork TD_tb_bitPair.check, S_0x151704b50;
    %join;
    %pushi/vec4 2147483648, 0, 32;
    %store/vec4 v0x15172e520_0, 0, 32;
    %pushi/vec4 1, 0, 32;
    %store/vec4 v0x15172e5d0_0, 0, 32;
    %fork TD_tb_bitPair.check, S_0x151704b50;
    %join;
    %pushi/vec4 2147483648, 0, 32;
    %store/vec4 v0x15172e520_0, 0, 32;
    %pushi/vec4 4294967295, 0, 32;
    %store/vec4 v0x15172e5d0_0, 0, 32;
    %fork TD_tb_bitPair.check, S_0x151704b50;
    %join;
    %pushi/vec4 2147483648, 0, 32;
    %store/vec4 v0x15172e520_0, 0, 32;
    %pushi/vec4 2, 0, 32;
    %store/vec4 v0x15172e5d0_0, 0, 32;
    %fork TD_tb_bitPair.check, S_0x151704b50;
    %join;
    %pushi/vec4 1073741824, 0, 32;
    %store/vec4 v0x15172e520_0, 0, 32;
    %pushi/vec4 2, 0, 32;
    %store/vec4 v0x15172e5d0_0, 0, 32;
    %fork TD_tb_bitPair.check, S_0x151704b50;
    %join;
    %pushi/vec4 1073741824, 0, 32;
    %store/vec4 v0x15172e520_0, 0, 32;
    %pushi/vec4 4294967294, 0, 32;
    %store/vec4 v0x15172e5d0_0, 0, 32;
    %fork TD_tb_bitPair.check, S_0x151704b50;
    %join;
    %pushi/vec4 1, 0, 32;
    %store/vec4 v0x15172e520_0, 0, 32;
    %pushi/vec4 2147483647, 0, 32;
    %store/vec4 v0x15172e5d0_0, 0, 32;
    %fork TD_tb_bitPair.check, S_0x151704b50;
    %join;
    %pushi/vec4 65536, 0, 32;
    %store/vec4 v0x15172e520_0, 0, 32;
    %pushi/vec4 65536, 0, 32;
    %store/vec4 v0x15172e5d0_0, 0, 32;
    %fork TD_tb_bitPair.check, S_0x151704b50;
    %join;
    %pushi/vec4 2147483647, 0, 32;
    %store/vec4 v0x15172e520_0, 0, 32;
    %pushi/vec4 2147483647, 0, 32;
    %store/vec4 v0x15172e5d0_0, 0, 32;
    %fork TD_tb_bitPair.check, S_0x151704b50;
    %join;
    %pushi/vec4 2147483648, 0, 32;
    %store/vec4 v0x15172e520_0, 0, 32;
    %pushi/vec4 4294967294, 0, 32;
    %store/vec4 v0x15172e5d0_0, 0, 32;
    %fork TD_tb_bitPair.check, S_0x151704b50;
    %join;
    %vpi_call/w 3 67 "$display", "Corner Cases have been passed" {0 0 0};
    %vpi_call/w 3 69 "$display", "Starting on random testing..." {0 0 0};
    %vpi_func 3 70 "$time" 64 {0 0 0};
    %pad/u 32;
    %store/vec4 v0x15172e980_0, 0, 32;
    %vpi_func 3 71 "$time" 64 {0 0 0};
    %pad/u 32;
    %store/vec4 v0x15172e680_0, 0, 32;
T_2.0 ;
    %vpi_func 3 73 "$random" 32 {0 0 0};
    %store/vec4 v0x15172e520_0, 0, 32;
    %vpi_func 3 74 "$random" 32 {0 0 0};
    %store/vec4 v0x15172e5d0_0, 0, 32;
    %fork TD_tb_bitPair.check, S_0x151704b50;
    %join;
    %vpi_func 3 77 "$time" 64 {0 0 0};
    %pad/u 32;
    %store/vec4 v0x15172e680_0, 0, 32;
    %load/vec4 v0x15172ead0_0;
    %pushi/vec4 100000, 0, 32;
    %mod/s;
    %cmpi/e 0, 0, 32;
    %jmp/0xz  T_2.1, 4;
    %load/vec4 v0x15172e680_0;
    %load/vec4 v0x15172e980_0;
    %sub;
    %cvt/rv/s;
    %pushi/real 1831054687, 4111; load=6.00000e+13
    %pushi/real 2097152, 4089; load=6.00000e+13
    %add/wr;
    %div/wr;
    %cvt/vr 32;
    %store/vec4 v0x15172e7e0_0, 0, 32;
    %vpi_call/w 3 80 "$display", "Tests Completed:\012 Random tests: %0d, Sim minutes elapsed: %0.3f\012", v0x15172ead0_0, v0x15172e7e0_0 {0 0 0};
T_2.1 ;
    %jmp T_2.0;
    %end;
    .thread T_2;
# The file index is used to find the file name in the following table.
:file_names 5;
    "N/A";
    "<interactive>";
    "-";
    "tb/tb_bitPair.v";
    "datapath/booth_bit_pair.v";
