#! /opt/homebrew/Cellar/icarus-verilog/12.0/bin/vvp
:ivl_version "12.0 (stable)";
:ivl_delay_selection "TYPICAL";
:vpi_time_precision - 12;
:vpi_module "/opt/homebrew/Cellar/icarus-verilog/12.0/lib/ivl/system.vpi";
:vpi_module "/opt/homebrew/Cellar/icarus-verilog/12.0/lib/ivl/vhdl_sys.vpi";
:vpi_module "/opt/homebrew/Cellar/icarus-verilog/12.0/lib/ivl/vhdl_textio.vpi";
:vpi_module "/opt/homebrew/Cellar/icarus-verilog/12.0/lib/ivl/v2005_math.vpi";
:vpi_module "/opt/homebrew/Cellar/icarus-verilog/12.0/lib/ivl/va_math.vpi";
:vpi_module "/opt/homebrew/Cellar/icarus-verilog/12.0/lib/ivl/v2009.vpi";
S_0x1271041c0 .scope package, "$unit" "$unit" 2 1;
 .timescale 0 0;
S_0x127104380 .scope module, "bus_mux" "bus_mux" 3 1;
 .timescale -9 -12;
    .port_info 0 /INPUT 5 "sel";
    .port_info 1 /INPUT 32 "R0";
    .port_info 2 /INPUT 32 "R1";
    .port_info 3 /INPUT 32 "R2";
    .port_info 4 /INPUT 32 "R3";
    .port_info 5 /INPUT 32 "R4";
    .port_info 6 /INPUT 32 "R5";
    .port_info 7 /INPUT 32 "R6";
    .port_info 8 /INPUT 32 "R7";
    .port_info 9 /INPUT 32 "R8";
    .port_info 10 /INPUT 32 "R9";
    .port_info 11 /INPUT 32 "R10";
    .port_info 12 /INPUT 32 "R11";
    .port_info 13 /INPUT 32 "R12";
    .port_info 14 /INPUT 32 "R13";
    .port_info 15 /INPUT 32 "R14";
    .port_info 16 /INPUT 32 "R15";
    .port_info 17 /INPUT 32 "PC";
    .port_info 18 /INPUT 32 "IR";
    .port_info 19 /INPUT 32 "Y";
    .port_info 20 /INPUT 32 "MAR";
    .port_info 21 /INPUT 32 "MDR";
    .port_info 22 /INPUT 32 "HI";
    .port_info 23 /INPUT 32 "LO";
    .port_info 24 /INPUT 32 "Zlow";
    .port_info 25 /INPUT 32 "Zhigh";
    .port_info 26 /OUTPUT 32 "bus";
o0x118008010 .functor BUFZ 32, C4<zzzzzzzzzzzzzzzzzzzzzzzzzzzzzzzz>; HiZ drive
v0x127104d40_0 .net "HI", 31 0, o0x118008010;  0 drivers
o0x118008040 .functor BUFZ 32, C4<zzzzzzzzzzzzzzzzzzzzzzzzzzzzzzzz>; HiZ drive
v0x127114dc0_0 .net "IR", 31 0, o0x118008040;  0 drivers
o0x118008070 .functor BUFZ 32, C4<zzzzzzzzzzzzzzzzzzzzzzzzzzzzzzzz>; HiZ drive
v0x127114e60_0 .net "LO", 31 0, o0x118008070;  0 drivers
o0x1180080a0 .functor BUFZ 32, C4<zzzzzzzzzzzzzzzzzzzzzzzzzzzzzzzz>; HiZ drive
v0x127114f10_0 .net "MAR", 31 0, o0x1180080a0;  0 drivers
o0x1180080d0 .functor BUFZ 32, C4<zzzzzzzzzzzzzzzzzzzzzzzzzzzzzzzz>; HiZ drive
v0x127114fc0_0 .net "MDR", 31 0, o0x1180080d0;  0 drivers
o0x118008100 .functor BUFZ 32, C4<zzzzzzzzzzzzzzzzzzzzzzzzzzzzzzzz>; HiZ drive
v0x1271150b0_0 .net "PC", 31 0, o0x118008100;  0 drivers
o0x118008130 .functor BUFZ 32, C4<zzzzzzzzzzzzzzzzzzzzzzzzzzzzzzzz>; HiZ drive
v0x127115160_0 .net "R0", 31 0, o0x118008130;  0 drivers
o0x118008160 .functor BUFZ 32, C4<zzzzzzzzzzzzzzzzzzzzzzzzzzzzzzzz>; HiZ drive
v0x127115210_0 .net "R1", 31 0, o0x118008160;  0 drivers
o0x118008190 .functor BUFZ 32, C4<zzzzzzzzzzzzzzzzzzzzzzzzzzzzzzzz>; HiZ drive
v0x1271152c0_0 .net "R10", 31 0, o0x118008190;  0 drivers
o0x1180081c0 .functor BUFZ 32, C4<zzzzzzzzzzzzzzzzzzzzzzzzzzzzzzzz>; HiZ drive
v0x1271153d0_0 .net "R11", 31 0, o0x1180081c0;  0 drivers
o0x1180081f0 .functor BUFZ 32, C4<zzzzzzzzzzzzzzzzzzzzzzzzzzzzzzzz>; HiZ drive
v0x127115480_0 .net "R12", 31 0, o0x1180081f0;  0 drivers
o0x118008220 .functor BUFZ 32, C4<zzzzzzzzzzzzzzzzzzzzzzzzzzzzzzzz>; HiZ drive
v0x127115530_0 .net "R13", 31 0, o0x118008220;  0 drivers
o0x118008250 .functor BUFZ 32, C4<zzzzzzzzzzzzzzzzzzzzzzzzzzzzzzzz>; HiZ drive
v0x1271155e0_0 .net "R14", 31 0, o0x118008250;  0 drivers
o0x118008280 .functor BUFZ 32, C4<zzzzzzzzzzzzzzzzzzzzzzzzzzzzzzzz>; HiZ drive
v0x127115690_0 .net "R15", 31 0, o0x118008280;  0 drivers
o0x1180082b0 .functor BUFZ 32, C4<zzzzzzzzzzzzzzzzzzzzzzzzzzzzzzzz>; HiZ drive
v0x127115740_0 .net "R2", 31 0, o0x1180082b0;  0 drivers
o0x1180082e0 .functor BUFZ 32, C4<zzzzzzzzzzzzzzzzzzzzzzzzzzzzzzzz>; HiZ drive
v0x1271157f0_0 .net "R3", 31 0, o0x1180082e0;  0 drivers
o0x118008310 .functor BUFZ 32, C4<zzzzzzzzzzzzzzzzzzzzzzzzzzzzzzzz>; HiZ drive
v0x1271158a0_0 .net "R4", 31 0, o0x118008310;  0 drivers
o0x118008340 .functor BUFZ 32, C4<zzzzzzzzzzzzzzzzzzzzzzzzzzzzzzzz>; HiZ drive
v0x127115a30_0 .net "R5", 31 0, o0x118008340;  0 drivers
o0x118008370 .functor BUFZ 32, C4<zzzzzzzzzzzzzzzzzzzzzzzzzzzzzzzz>; HiZ drive
v0x127115ac0_0 .net "R6", 31 0, o0x118008370;  0 drivers
o0x1180083a0 .functor BUFZ 32, C4<zzzzzzzzzzzzzzzzzzzzzzzzzzzzzzzz>; HiZ drive
v0x127115b70_0 .net "R7", 31 0, o0x1180083a0;  0 drivers
o0x1180083d0 .functor BUFZ 32, C4<zzzzzzzzzzzzzzzzzzzzzzzzzzzzzzzz>; HiZ drive
v0x127115c20_0 .net "R8", 31 0, o0x1180083d0;  0 drivers
o0x118008400 .functor BUFZ 32, C4<zzzzzzzzzzzzzzzzzzzzzzzzzzzzzzzz>; HiZ drive
v0x127115cd0_0 .net "R9", 31 0, o0x118008400;  0 drivers
o0x118008430 .functor BUFZ 32, C4<zzzzzzzzzzzzzzzzzzzzzzzzzzzzzzzz>; HiZ drive
v0x127115d80_0 .net "Y", 31 0, o0x118008430;  0 drivers
o0x118008460 .functor BUFZ 32, C4<zzzzzzzzzzzzzzzzzzzzzzzzzzzzzzzz>; HiZ drive
v0x127115e30_0 .net "Zhigh", 31 0, o0x118008460;  0 drivers
o0x118008490 .functor BUFZ 32, C4<zzzzzzzzzzzzzzzzzzzzzzzzzzzzzzzz>; HiZ drive
v0x127115ee0_0 .net "Zlow", 31 0, o0x118008490;  0 drivers
v0x127115f90_0 .var "bus", 31 0;
o0x1180084f0 .functor BUFZ 5, C4<zzzzz>; HiZ drive
v0x127116040_0 .net "sel", 4 0, o0x1180084f0;  0 drivers
E_0x127104c30/0 .event anyedge, v0x127116040_0, v0x127115160_0, v0x127115210_0, v0x127115740_0;
E_0x127104c30/1 .event anyedge, v0x1271157f0_0, v0x1271158a0_0, v0x127115a30_0, v0x127115ac0_0;
E_0x127104c30/2 .event anyedge, v0x127115b70_0, v0x127115c20_0, v0x127115cd0_0, v0x1271152c0_0;
E_0x127104c30/3 .event anyedge, v0x1271153d0_0, v0x127115480_0, v0x127115530_0, v0x1271155e0_0;
E_0x127104c30/4 .event anyedge, v0x127115690_0, v0x1271150b0_0, v0x127114dc0_0, v0x127115d80_0;
E_0x127104c30/5 .event anyedge, v0x127114f10_0, v0x127114fc0_0, v0x127104d40_0, v0x127114e60_0;
E_0x127104c30/6 .event anyedge, v0x127115ee0_0, v0x127115e30_0;
E_0x127104c30 .event/or E_0x127104c30/0, E_0x127104c30/1, E_0x127104c30/2, E_0x127104c30/3, E_0x127104c30/4, E_0x127104c30/5, E_0x127104c30/6;
S_0x127104870 .scope module, "tb_logic" "tb_logic" 4 3;
 .timescale -9 -12;
P_0x1271049e0 .param/l "SEL_IN" 1 4 58, C4<10110>;
P_0x127104a20 .param/l "SEL_R5" 1 4 55, C4<00101>;
P_0x127104a60 .param/l "SEL_R6" 1 4 56, C4<00110>;
P_0x127104aa0 .param/l "SEL_ZLOW" 1 4 57, C4<10011>;
v0x127121d30_0 .var "ANDop", 0 0;
v0x127121e00_0 .net "BUS", 31 0, L_0x1271239f0;  1 drivers
v0x127121e90_0 .var "InPort_data", 31 0;
v0x127121f40_0 .var "ORop", 0 0;
v0x127122010_0 .net "R2_q", 31 0, L_0x127123810;  1 drivers
v0x1271220e0_0 .net "R5_q", 31 0, L_0x1271232b0;  1 drivers
v0x127122170_0 .net "R6_q", 31 0, L_0x127123720;  1 drivers
v0x127122220_0 .var "Rin", 15 0;
v0x1271222d0_0 .net "Y_q", 31 0, v0x127120250_0;  1 drivers
v0x1271223e0_0 .var "Yin", 0 0;
v0x127122470_0 .net "Z_q", 63 0, v0x127120950_0;  1 drivers
v0x127122540_0 .var "Zin", 0 0;
v0x127122610_0 .var "bus_sel", 4 0;
v0x1271226a0_0 .var "clk", 0 0;
v0x127122730_0 .var "reset", 0 0;
S_0x127116380 .scope task, "clear_ctrl" "clear_ctrl" 4 36, 4 36 0, S_0x127104870;
 .timescale -9 -12;
TD_tb_logic.clear_ctrl ;
    %pushi/vec4 0, 0, 5;
    %store/vec4 v0x127122610_0, 0, 5;
    %pushi/vec4 0, 0, 16;
    %store/vec4 v0x127122220_0, 0, 16;
    %pushi/vec4 0, 0, 1;
    %store/vec4 v0x1271223e0_0, 0, 1;
    %pushi/vec4 0, 0, 1;
    %store/vec4 v0x127122540_0, 0, 1;
    %pushi/vec4 0, 0, 1;
    %store/vec4 v0x127121d30_0, 0, 1;
    %pushi/vec4 0, 0, 1;
    %store/vec4 v0x127121f40_0, 0, 1;
    %end;
S_0x1271164f0 .scope module, "dut" "datapath_logic" 4 19, 5 1 0, S_0x127104870;
 .timescale -9 -12;
    .port_info 0 /INPUT 1 "clk";
    .port_info 1 /INPUT 1 "reset";
    .port_info 2 /INPUT 5 "bus_sel";
    .port_info 3 /INPUT 16 "Rin";
    .port_info 4 /INPUT 1 "Yin";
    .port_info 5 /INPUT 1 "Zin";
    .port_info 6 /INPUT 1 "ANDop";
    .port_info 7 /INPUT 1 "ORop";
    .port_info 8 /INPUT 32 "InPort_data";
    .port_info 9 /OUTPUT 32 "BUS";
    .port_info 10 /OUTPUT 32 "R5_q";
    .port_info 11 /OUTPUT 32 "R6_q";
    .port_info 12 /OUTPUT 32 "R2_q";
    .port_info 13 /OUTPUT 32 "Y_q";
    .port_info 14 /OUTPUT 64 "Z_q";
L_0x1271232b0 .functor BUFZ 32, v0x127119c00_0, C4<00000000000000000000000000000000>, C4<00000000000000000000000000000000>, C4<00000000000000000000000000000000>;
L_0x127123720 .functor BUFZ 32, v0x12711a480_0, C4<00000000000000000000000000000000>, C4<00000000000000000000000000000000>, C4<00000000000000000000000000000000>;
L_0x127123810 .functor BUFZ 32, v0x1271181a0_0, C4<00000000000000000000000000000000>, C4<00000000000000000000000000000000>, C4<00000000000000000000000000000000>;
L_0x1271239f0 .functor BUFZ 32, v0x127121750_0, C4<00000000000000000000000000000000>, C4<00000000000000000000000000000000>, C4<00000000000000000000000000000000>;
v0x127120b20_0 .net "ALU_C", 63 0, v0x12711b620_0;  1 drivers
v0x127120bf0_0 .net "ANDop", 0 0, v0x127121d30_0;  1 drivers
v0x127120c80_0 .net "BUS", 31 0, L_0x1271239f0;  alias, 1 drivers
v0x127120d10_0 .net "InPort_data", 31 0, v0x127121e90_0;  1 drivers
v0x127120da0_0 .net "ORop", 0 0, v0x127121f40_0;  1 drivers
v0x127120e70 .array "R", 15 0;
v0x127120e70_0 .net v0x127120e70 0, 31 0, v0x127116ff0_0; 1 drivers
v0x127120e70_1 .net v0x127120e70 1, 31 0, v0x1271178c0_0; 1 drivers
v0x127120e70_2 .net v0x127120e70 2, 31 0, v0x1271181a0_0; 1 drivers
v0x127120e70_3 .net v0x127120e70 3, 31 0, v0x127118a20_0; 1 drivers
v0x127120e70_4 .net v0x127120e70 4, 31 0, v0x1271193c0_0; 1 drivers
v0x127120e70_5 .net v0x127120e70 5, 31 0, v0x127119c00_0; 1 drivers
v0x127120e70_6 .net v0x127120e70 6, 31 0, v0x12711a480_0; 1 drivers
v0x127120e70_7 .net v0x127120e70 7, 31 0, v0x12711ad00_0; 1 drivers
v0x127120e70_8 .net v0x127120e70 8, 31 0, v0x12711b7b0_0; 1 drivers
v0x127120e70_9 .net v0x127120e70 9, 31 0, v0x12711bfc0_0; 1 drivers
v0x127120e70_10 .net v0x127120e70 10, 31 0, v0x12711c840_0; 1 drivers
v0x127120e70_11 .net v0x127120e70 11, 31 0, v0x12711d0c0_0; 1 drivers
v0x127120e70_12 .net v0x127120e70 12, 31 0, v0x12711d940_0; 1 drivers
v0x127120e70_13 .net v0x127120e70 13, 31 0, v0x12711e1c0_0; 1 drivers
v0x127120e70_14 .net v0x127120e70 14, 31 0, v0x12711ea40_0; 1 drivers
v0x127120e70_15 .net v0x127120e70 15, 31 0, v0x12711f2c0_0; 1 drivers
v0x127121180_0 .net "R2_q", 31 0, L_0x127123810;  alias, 1 drivers
v0x127121210_0 .net "R5_q", 31 0, L_0x1271232b0;  alias, 1 drivers
v0x1271212a0_0 .net "R6_q", 31 0, L_0x127123720;  alias, 1 drivers
v0x1271213b0_0 .net "Rin", 15 0, v0x127122220_0;  1 drivers
v0x127121440_0 .net "Y_q", 31 0, v0x127120250_0;  alias, 1 drivers
v0x1271214d0_0 .net "Yin", 0 0, v0x1271223e0_0;  1 drivers
v0x127121560_0 .net "Z_q", 63 0, v0x127120950_0;  alias, 1 drivers
v0x127121610_0 .net "Zin", 0 0, v0x127122540_0;  1 drivers
v0x1271216c0_0 .net "Zlow", 31 0, L_0x1271238c0;  1 drivers
v0x127121750_0 .var "bus_r", 31 0;
v0x1271217e0_0 .net "bus_sel", 4 0, v0x127122610_0;  1 drivers
v0x127121970_0 .net "clk", 0 0, v0x1271226a0_0;  1 drivers
v0x127121a00_0 .net "reset", 0 0, v0x127122730_0;  1 drivers
E_0x127104570/0 .event anyedge, v0x1271217e0_0, v0x127116ff0_0, v0x1271178c0_0, v0x1271181a0_0;
E_0x127104570/1 .event anyedge, v0x127118a20_0, v0x1271193c0_0, v0x127119c00_0, v0x12711a480_0;
E_0x127104570/2 .event anyedge, v0x12711ad00_0, v0x12711b7b0_0, v0x12711bfc0_0, v0x12711c840_0;
E_0x127104570/3 .event anyedge, v0x12711d0c0_0, v0x12711d940_0, v0x12711e1c0_0, v0x12711ea40_0;
E_0x127104570/4 .event anyedge, v0x12711f2c0_0, v0x1271216c0_0, v0x127120d10_0;
E_0x127104570 .event/or E_0x127104570/0, E_0x127104570/1, E_0x127104570/2, E_0x127104570/3, E_0x127104570/4;
L_0x1271227c0 .part v0x127122220_0, 0, 1;
L_0x1271228a0 .part v0x127122220_0, 1, 1;
L_0x127122940 .part v0x127122220_0, 2, 1;
L_0x127122aa0 .part v0x127122220_0, 3, 1;
L_0x127122b40 .part v0x127122220_0, 4, 1;
L_0x127122c10 .part v0x127122220_0, 5, 1;
L_0x127122cb0 .part v0x127122220_0, 6, 1;
L_0x127122eb0 .part v0x127122220_0, 7, 1;
L_0x127122f50 .part v0x127122220_0, 8, 1;
L_0x127122ff0 .part v0x127122220_0, 9, 1;
L_0x1271230b0 .part v0x127122220_0, 10, 1;
L_0x127123150 .part v0x127122220_0, 11, 1;
L_0x1271231f0 .part v0x127122220_0, 12, 1;
L_0x127123320 .part v0x127122220_0, 13, 1;
L_0x1271233e0 .part v0x127122220_0, 14, 1;
L_0x127123680 .part v0x127122220_0, 15, 1;
L_0x1271238c0 .part v0x127120950_0, 0, 32;
S_0x1271168c0 .scope generate, "GEN_REGS[0]" "GEN_REGS[0]" 5 32, 5 32 0, S_0x1271164f0;
 .timescale -9 -12;
P_0x127116a80 .param/l "i" 1 5 32, +C4<00>;
S_0x127116b10 .scope module, "Ri" "register32" 5 33, 6 2 0, S_0x1271168c0;
 .timescale -9 -12;
    .port_info 0 /INPUT 1 "clk";
    .port_info 1 /INPUT 1 "reset";
    .port_info 2 /INPUT 1 "en";
    .port_info 3 /INPUT 32 "d";
    .port_info 4 /OUTPUT 32 "q";
v0x127116de0_0 .net "clk", 0 0, v0x1271226a0_0;  alias, 1 drivers
v0x127116e90_0 .net "d", 31 0, L_0x1271239f0;  alias, 1 drivers
v0x127116f40_0 .net "en", 0 0, L_0x1271227c0;  1 drivers
v0x127116ff0_0 .var "q", 31 0;
v0x1271170a0_0 .net "reset", 0 0, v0x127122730_0;  alias, 1 drivers
E_0x127116d80 .event posedge, v0x127116de0_0;
S_0x127117200 .scope generate, "GEN_REGS[1]" "GEN_REGS[1]" 5 32, 5 32 0, S_0x1271164f0;
 .timescale -9 -12;
P_0x1271173c0 .param/l "i" 1 5 32, +C4<01>;
S_0x127117440 .scope module, "Ri" "register32" 5 33, 6 2 0, S_0x127117200;
 .timescale -9 -12;
    .port_info 0 /INPUT 1 "clk";
    .port_info 1 /INPUT 1 "reset";
    .port_info 2 /INPUT 1 "en";
    .port_info 3 /INPUT 32 "d";
    .port_info 4 /OUTPUT 32 "q";
v0x1271176b0_0 .net "clk", 0 0, v0x1271226a0_0;  alias, 1 drivers
v0x127117760_0 .net "d", 31 0, L_0x1271239f0;  alias, 1 drivers
v0x127117810_0 .net "en", 0 0, L_0x1271228a0;  1 drivers
v0x1271178c0_0 .var "q", 31 0;
v0x127117950_0 .net "reset", 0 0, v0x127122730_0;  alias, 1 drivers
S_0x127117a90 .scope generate, "GEN_REGS[2]" "GEN_REGS[2]" 5 32, 5 32 0, S_0x1271164f0;
 .timescale -9 -12;
P_0x127117c80 .param/l "i" 1 5 32, +C4<010>;
S_0x127117d00 .scope module, "Ri" "register32" 5 33, 6 2 0, S_0x127117a90;
 .timescale -9 -12;
    .port_info 0 /INPUT 1 "clk";
    .port_info 1 /INPUT 1 "reset";
    .port_info 2 /INPUT 1 "en";
    .port_info 3 /INPUT 32 "d";
    .port_info 4 /OUTPUT 32 "q";
v0x127117f70_0 .net "clk", 0 0, v0x1271226a0_0;  alias, 1 drivers
v0x127118040_0 .net "d", 31 0, L_0x1271239f0;  alias, 1 drivers
v0x127118110_0 .net "en", 0 0, L_0x127122940;  1 drivers
v0x1271181a0_0 .var "q", 31 0;
v0x127118230_0 .net "reset", 0 0, v0x127122730_0;  alias, 1 drivers
S_0x1271183a0 .scope generate, "GEN_REGS[3]" "GEN_REGS[3]" 5 32, 5 32 0, S_0x1271164f0;
 .timescale -9 -12;
P_0x127118560 .param/l "i" 1 5 32, +C4<011>;
S_0x1271185f0 .scope module, "Ri" "register32" 5 33, 6 2 0, S_0x1271183a0;
 .timescale -9 -12;
    .port_info 0 /INPUT 1 "clk";
    .port_info 1 /INPUT 1 "reset";
    .port_info 2 /INPUT 1 "en";
    .port_info 3 /INPUT 32 "d";
    .port_info 4 /OUTPUT 32 "q";
v0x127118830_0 .net "clk", 0 0, v0x1271226a0_0;  alias, 1 drivers
v0x1271188d0_0 .net "d", 31 0, L_0x1271239f0;  alias, 1 drivers
v0x127118970_0 .net "en", 0 0, L_0x127122aa0;  1 drivers
v0x127118a20_0 .var "q", 31 0;
v0x127118ad0_0 .net "reset", 0 0, v0x127122730_0;  alias, 1 drivers
S_0x127118c20 .scope generate, "GEN_REGS[4]" "GEN_REGS[4]" 5 32, 5 32 0, S_0x1271164f0;
 .timescale -9 -12;
P_0x127118e20 .param/l "i" 1 5 32, +C4<0100>;
S_0x127118ea0 .scope module, "Ri" "register32" 5 33, 6 2 0, S_0x127118c20;
 .timescale -9 -12;
    .port_info 0 /INPUT 1 "clk";
    .port_info 1 /INPUT 1 "reset";
    .port_info 2 /INPUT 1 "en";
    .port_info 3 /INPUT 32 "d";
    .port_info 4 /OUTPUT 32 "q";
v0x127119110_0 .net "clk", 0 0, v0x1271226a0_0;  alias, 1 drivers
v0x127119220_0 .net "d", 31 0, L_0x1271239f0;  alias, 1 drivers
v0x127119330_0 .net "en", 0 0, L_0x127122b40;  1 drivers
v0x1271193c0_0 .var "q", 31 0;
v0x127119450_0 .net "reset", 0 0, v0x127122730_0;  alias, 1 drivers
S_0x1271195a0 .scope generate, "GEN_REGS[5]" "GEN_REGS[5]" 5 32, 5 32 0, S_0x1271164f0;
 .timescale -9 -12;
P_0x127119760 .param/l "i" 1 5 32, +C4<0101>;
S_0x1271197e0 .scope module, "Ri" "register32" 5 33, 6 2 0, S_0x1271195a0;
 .timescale -9 -12;
    .port_info 0 /INPUT 1 "clk";
    .port_info 1 /INPUT 1 "reset";
    .port_info 2 /INPUT 1 "en";
    .port_info 3 /INPUT 32 "d";
    .port_info 4 /OUTPUT 32 "q";
v0x127119a20_0 .net "clk", 0 0, v0x1271226a0_0;  alias, 1 drivers
v0x127119ab0_0 .net "d", 31 0, L_0x1271239f0;  alias, 1 drivers
v0x127119b50_0 .net "en", 0 0, L_0x127122c10;  1 drivers
v0x127119c00_0 .var "q", 31 0;
v0x127119cb0_0 .net "reset", 0 0, v0x127122730_0;  alias, 1 drivers
S_0x127119e00 .scope generate, "GEN_REGS[6]" "GEN_REGS[6]" 5 32, 5 32 0, S_0x1271164f0;
 .timescale -9 -12;
P_0x127119fc0 .param/l "i" 1 5 32, +C4<0110>;
S_0x12711a050 .scope module, "Ri" "register32" 5 33, 6 2 0, S_0x127119e00;
 .timescale -9 -12;
    .port_info 0 /INPUT 1 "clk";
    .port_info 1 /INPUT 1 "reset";
    .port_info 2 /INPUT 1 "en";
    .port_info 3 /INPUT 32 "d";
    .port_info 4 /OUTPUT 32 "q";
v0x12711a290_0 .net "clk", 0 0, v0x1271226a0_0;  alias, 1 drivers
v0x12711a330_0 .net "d", 31 0, L_0x1271239f0;  alias, 1 drivers
v0x12711a3d0_0 .net "en", 0 0, L_0x127122cb0;  1 drivers
v0x12711a480_0 .var "q", 31 0;
v0x12711a530_0 .net "reset", 0 0, v0x127122730_0;  alias, 1 drivers
S_0x12711a680 .scope generate, "GEN_REGS[7]" "GEN_REGS[7]" 5 32, 5 32 0, S_0x1271164f0;
 .timescale -9 -12;
P_0x12711a840 .param/l "i" 1 5 32, +C4<0111>;
S_0x12711a8d0 .scope module, "Ri" "register32" 5 33, 6 2 0, S_0x12711a680;
 .timescale -9 -12;
    .port_info 0 /INPUT 1 "clk";
    .port_info 1 /INPUT 1 "reset";
    .port_info 2 /INPUT 1 "en";
    .port_info 3 /INPUT 32 "d";
    .port_info 4 /OUTPUT 32 "q";
v0x12711ab10_0 .net "clk", 0 0, v0x1271226a0_0;  alias, 1 drivers
v0x12711abb0_0 .net "d", 31 0, L_0x1271239f0;  alias, 1 drivers
v0x12711ac50_0 .net "en", 0 0, L_0x127122eb0;  1 drivers
v0x12711ad00_0 .var "q", 31 0;
v0x12711adb0_0 .net "reset", 0 0, v0x127122730_0;  alias, 1 drivers
S_0x12711af00 .scope generate, "GEN_REGS[8]" "GEN_REGS[8]" 5 32, 5 32 0, S_0x1271164f0;
 .timescale -9 -12;
P_0x127118de0 .param/l "i" 1 5 32, +C4<01000>;
S_0x12711b180 .scope module, "Ri" "register32" 5 33, 6 2 0, S_0x12711af00;
 .timescale -9 -12;
    .port_info 0 /INPUT 1 "clk";
    .port_info 1 /INPUT 1 "reset";
    .port_info 2 /INPUT 1 "en";
    .port_info 3 /INPUT 32 "d";
    .port_info 4 /OUTPUT 32 "q";
v0x12711b3f0_0 .net "clk", 0 0, v0x1271226a0_0;  alias, 1 drivers
v0x12711b590_0 .net "d", 31 0, L_0x1271239f0;  alias, 1 drivers
v0x12711b720_0 .net "en", 0 0, L_0x127122f50;  1 drivers
v0x12711b7b0_0 .var "q", 31 0;
v0x12711b840_0 .net "reset", 0 0, v0x127122730_0;  alias, 1 drivers
S_0x12711b9d0 .scope generate, "GEN_REGS[9]" "GEN_REGS[9]" 5 32, 5 32 0, S_0x1271164f0;
 .timescale -9 -12;
P_0x12711bb40 .param/l "i" 1 5 32, +C4<01001>;
S_0x12711bbc0 .scope module, "Ri" "register32" 5 33, 6 2 0, S_0x12711b9d0;
 .timescale -9 -12;
    .port_info 0 /INPUT 1 "clk";
    .port_info 1 /INPUT 1 "reset";
    .port_info 2 /INPUT 1 "en";
    .port_info 3 /INPUT 32 "d";
    .port_info 4 /OUTPUT 32 "q";
v0x12711be00_0 .net "clk", 0 0, v0x1271226a0_0;  alias, 1 drivers
v0x12711be90_0 .net "d", 31 0, L_0x1271239f0;  alias, 1 drivers
v0x12711bf30_0 .net "en", 0 0, L_0x127122ff0;  1 drivers
v0x12711bfc0_0 .var "q", 31 0;
v0x12711c070_0 .net "reset", 0 0, v0x127122730_0;  alias, 1 drivers
S_0x12711c1c0 .scope generate, "GEN_REGS[10]" "GEN_REGS[10]" 5 32, 5 32 0, S_0x1271164f0;
 .timescale -9 -12;
P_0x12711c380 .param/l "i" 1 5 32, +C4<01010>;
S_0x12711c420 .scope module, "Ri" "register32" 5 33, 6 2 0, S_0x12711c1c0;
 .timescale -9 -12;
    .port_info 0 /INPUT 1 "clk";
    .port_info 1 /INPUT 1 "reset";
    .port_info 2 /INPUT 1 "en";
    .port_info 3 /INPUT 32 "d";
    .port_info 4 /OUTPUT 32 "q";
v0x12711c690_0 .net "clk", 0 0, v0x1271226a0_0;  alias, 1 drivers
v0x12711c720_0 .net "d", 31 0, L_0x1271239f0;  alias, 1 drivers
v0x12711c7b0_0 .net "en", 0 0, L_0x1271230b0;  1 drivers
v0x12711c840_0 .var "q", 31 0;
v0x12711c8f0_0 .net "reset", 0 0, v0x127122730_0;  alias, 1 drivers
S_0x12711ca40 .scope generate, "GEN_REGS[11]" "GEN_REGS[11]" 5 32, 5 32 0, S_0x1271164f0;
 .timescale -9 -12;
P_0x12711cc00 .param/l "i" 1 5 32, +C4<01011>;
S_0x12711cca0 .scope module, "Ri" "register32" 5 33, 6 2 0, S_0x12711ca40;
 .timescale -9 -12;
    .port_info 0 /INPUT 1 "clk";
    .port_info 1 /INPUT 1 "reset";
    .port_info 2 /INPUT 1 "en";
    .port_info 3 /INPUT 32 "d";
    .port_info 4 /OUTPUT 32 "q";
v0x12711cf10_0 .net "clk", 0 0, v0x1271226a0_0;  alias, 1 drivers
v0x12711cfa0_0 .net "d", 31 0, L_0x1271239f0;  alias, 1 drivers
v0x12711d030_0 .net "en", 0 0, L_0x127123150;  1 drivers
v0x12711d0c0_0 .var "q", 31 0;
v0x12711d170_0 .net "reset", 0 0, v0x127122730_0;  alias, 1 drivers
S_0x12711d2c0 .scope generate, "GEN_REGS[12]" "GEN_REGS[12]" 5 32, 5 32 0, S_0x1271164f0;
 .timescale -9 -12;
P_0x12711d480 .param/l "i" 1 5 32, +C4<01100>;
S_0x12711d520 .scope module, "Ri" "register32" 5 33, 6 2 0, S_0x12711d2c0;
 .timescale -9 -12;
    .port_info 0 /INPUT 1 "clk";
    .port_info 1 /INPUT 1 "reset";
    .port_info 2 /INPUT 1 "en";
    .port_info 3 /INPUT 32 "d";
    .port_info 4 /OUTPUT 32 "q";
v0x12711d790_0 .net "clk", 0 0, v0x1271226a0_0;  alias, 1 drivers
v0x12711d820_0 .net "d", 31 0, L_0x1271239f0;  alias, 1 drivers
v0x12711d8b0_0 .net "en", 0 0, L_0x1271231f0;  1 drivers
v0x12711d940_0 .var "q", 31 0;
v0x12711d9f0_0 .net "reset", 0 0, v0x127122730_0;  alias, 1 drivers
S_0x12711db40 .scope generate, "GEN_REGS[13]" "GEN_REGS[13]" 5 32, 5 32 0, S_0x1271164f0;
 .timescale -9 -12;
P_0x12711dd00 .param/l "i" 1 5 32, +C4<01101>;
S_0x12711dda0 .scope module, "Ri" "register32" 5 33, 6 2 0, S_0x12711db40;
 .timescale -9 -12;
    .port_info 0 /INPUT 1 "clk";
    .port_info 1 /INPUT 1 "reset";
    .port_info 2 /INPUT 1 "en";
    .port_info 3 /INPUT 32 "d";
    .port_info 4 /OUTPUT 32 "q";
v0x12711e010_0 .net "clk", 0 0, v0x1271226a0_0;  alias, 1 drivers
v0x12711e0a0_0 .net "d", 31 0, L_0x1271239f0;  alias, 1 drivers
v0x12711e130_0 .net "en", 0 0, L_0x127123320;  1 drivers
v0x12711e1c0_0 .var "q", 31 0;
v0x12711e270_0 .net "reset", 0 0, v0x127122730_0;  alias, 1 drivers
S_0x12711e3c0 .scope generate, "GEN_REGS[14]" "GEN_REGS[14]" 5 32, 5 32 0, S_0x1271164f0;
 .timescale -9 -12;
P_0x12711e580 .param/l "i" 1 5 32, +C4<01110>;
S_0x12711e620 .scope module, "Ri" "register32" 5 33, 6 2 0, S_0x12711e3c0;
 .timescale -9 -12;
    .port_info 0 /INPUT 1 "clk";
    .port_info 1 /INPUT 1 "reset";
    .port_info 2 /INPUT 1 "en";
    .port_info 3 /INPUT 32 "d";
    .port_info 4 /OUTPUT 32 "q";
v0x12711e890_0 .net "clk", 0 0, v0x1271226a0_0;  alias, 1 drivers
v0x12711e920_0 .net "d", 31 0, L_0x1271239f0;  alias, 1 drivers
v0x12711e9b0_0 .net "en", 0 0, L_0x1271233e0;  1 drivers
v0x12711ea40_0 .var "q", 31 0;
v0x12711eaf0_0 .net "reset", 0 0, v0x127122730_0;  alias, 1 drivers
S_0x12711ec40 .scope generate, "GEN_REGS[15]" "GEN_REGS[15]" 5 32, 5 32 0, S_0x1271164f0;
 .timescale -9 -12;
P_0x12711ee00 .param/l "i" 1 5 32, +C4<01111>;
S_0x12711eea0 .scope module, "Ri" "register32" 5 33, 6 2 0, S_0x12711ec40;
 .timescale -9 -12;
    .port_info 0 /INPUT 1 "clk";
    .port_info 1 /INPUT 1 "reset";
    .port_info 2 /INPUT 1 "en";
    .port_info 3 /INPUT 32 "d";
    .port_info 4 /OUTPUT 32 "q";
v0x12711f110_0 .net "clk", 0 0, v0x1271226a0_0;  alias, 1 drivers
v0x12711f1a0_0 .net "d", 31 0, L_0x1271239f0;  alias, 1 drivers
v0x12711f230_0 .net "en", 0 0, L_0x127123680;  1 drivers
v0x12711f2c0_0 .var "q", 31 0;
v0x12711f370_0 .net "reset", 0 0, v0x127122730_0;  alias, 1 drivers
S_0x12711f4c0 .scope module, "ULOGIC" "alu_logic" 5 57, 7 1 0, S_0x1271164f0;
 .timescale -9 -12;
    .port_info 0 /INPUT 32 "A";
    .port_info 1 /INPUT 32 "B";
    .port_info 2 /INPUT 1 "ANDop";
    .port_info 3 /INPUT 1 "ORop";
    .port_info 4 /OUTPUT 64 "C";
v0x12711f7e0_0 .net "A", 31 0, v0x127120250_0;  alias, 1 drivers
v0x12711f890_0 .net "ANDop", 0 0, v0x127121d30_0;  alias, 1 drivers
v0x12711f930_0 .net "B", 31 0, L_0x1271239f0;  alias, 1 drivers
v0x12711b620_0 .var "C", 63 0;
v0x12711fbe0_0 .net "ORop", 0 0, v0x127121f40_0;  alias, 1 drivers
E_0x12711f780 .event anyedge, v0x12711f890_0, v0x12711f7e0_0, v0x127116e90_0, v0x12711fbe0_0;
S_0x12711fcf0 .scope module, "Yreg" "register32" 5 47, 6 2 0, S_0x1271164f0;
 .timescale -9 -12;
    .port_info 0 /INPUT 1 "clk";
    .port_info 1 /INPUT 1 "reset";
    .port_info 2 /INPUT 1 "en";
    .port_info 3 /INPUT 32 "d";
    .port_info 4 /OUTPUT 32 "q";
v0x12711ff30_0 .net "clk", 0 0, v0x1271226a0_0;  alias, 1 drivers
v0x12711b490_0 .net "d", 31 0, L_0x1271239f0;  alias, 1 drivers
v0x1271201c0_0 .net "en", 0 0, v0x1271223e0_0;  alias, 1 drivers
v0x127120250_0 .var "q", 31 0;
v0x1271202e0_0 .net "reset", 0 0, v0x127122730_0;  alias, 1 drivers
S_0x1271205b0 .scope module, "Zreg" "register64" 5 66, 8 2 0, S_0x1271164f0;
 .timescale -9 -12;
    .port_info 0 /INPUT 1 "clk";
    .port_info 1 /INPUT 1 "reset";
    .port_info 2 /INPUT 1 "en";
    .port_info 3 /INPUT 64 "d";
    .port_info 4 /OUTPUT 64 "q";
v0x1271207a0_0 .net "clk", 0 0, v0x1271226a0_0;  alias, 1 drivers
v0x127120830_0 .net "d", 63 0, v0x12711b620_0;  alias, 1 drivers
v0x1271208c0_0 .net "en", 0 0, v0x127122540_0;  alias, 1 drivers
v0x127120950_0 .var "q", 63 0;
v0x1271209e0_0 .net "reset", 0 0, v0x127122730_0;  alias, 1 drivers
S_0x127121b50 .scope task, "tick" "tick" 4 47, 4 47 0, S_0x127104870;
 .timescale -9 -12;
E_0x1271044f0 .event negedge, v0x127116de0_0;
TD_tb_logic.tick ;
    %wait E_0x1271044f0;
    %wait E_0x127116d80;
    %delay 1000, 0;
    %end;
    .scope S_0x127104380;
T_2 ;
    %wait E_0x127104c30;
    %load/vec4 v0x127116040_0;
    %dup/vec4;
    %pushi/vec4 0, 0, 5;
    %cmp/u;
    %jmp/1 T_2.0, 6;
    %dup/vec4;
    %pushi/vec4 1, 0, 5;
    %cmp/u;
    %jmp/1 T_2.1, 6;
    %dup/vec4;
    %pushi/vec4 2, 0, 5;
    %cmp/u;
    %jmp/1 T_2.2, 6;
    %dup/vec4;
    %pushi/vec4 3, 0, 5;
    %cmp/u;
    %jmp/1 T_2.3, 6;
    %dup/vec4;
    %pushi/vec4 4, 0, 5;
    %cmp/u;
    %jmp/1 T_2.4, 6;
    %dup/vec4;
    %pushi/vec4 5, 0, 5;
    %cmp/u;
    %jmp/1 T_2.5, 6;
    %dup/vec4;
    %pushi/vec4 6, 0, 5;
    %cmp/u;
    %jmp/1 T_2.6, 6;
    %dup/vec4;
    %pushi/vec4 7, 0, 5;
    %cmp/u;
    %jmp/1 T_2.7, 6;
    %dup/vec4;
    %pushi/vec4 8, 0, 5;
    %cmp/u;
    %jmp/1 T_2.8, 6;
    %dup/vec4;
    %pushi/vec4 9, 0, 5;
    %cmp/u;
    %jmp/1 T_2.9, 6;
    %dup/vec4;
    %pushi/vec4 10, 0, 5;
    %cmp/u;
    %jmp/1 T_2.10, 6;
    %dup/vec4;
    %pushi/vec4 11, 0, 5;
    %cmp/u;
    %jmp/1 T_2.11, 6;
    %dup/vec4;
    %pushi/vec4 12, 0, 5;
    %cmp/u;
    %jmp/1 T_2.12, 6;
    %dup/vec4;
    %pushi/vec4 13, 0, 5;
    %cmp/u;
    %jmp/1 T_2.13, 6;
    %dup/vec4;
    %pushi/vec4 14, 0, 5;
    %cmp/u;
    %jmp/1 T_2.14, 6;
    %dup/vec4;
    %pushi/vec4 15, 0, 5;
    %cmp/u;
    %jmp/1 T_2.15, 6;
    %dup/vec4;
    %pushi/vec4 16, 0, 5;
    %cmp/u;
    %jmp/1 T_2.16, 6;
    %dup/vec4;
    %pushi/vec4 17, 0, 5;
    %cmp/u;
    %jmp/1 T_2.17, 6;
    %dup/vec4;
    %pushi/vec4 18, 0, 5;
    %cmp/u;
    %jmp/1 T_2.18, 6;
    %dup/vec4;
    %pushi/vec4 19, 0, 5;
    %cmp/u;
    %jmp/1 T_2.19, 6;
    %dup/vec4;
    %pushi/vec4 20, 0, 5;
    %cmp/u;
    %jmp/1 T_2.20, 6;
    %dup/vec4;
    %pushi/vec4 21, 0, 5;
    %cmp/u;
    %jmp/1 T_2.21, 6;
    %dup/vec4;
    %pushi/vec4 22, 0, 5;
    %cmp/u;
    %jmp/1 T_2.22, 6;
    %dup/vec4;
    %pushi/vec4 23, 0, 5;
    %cmp/u;
    %jmp/1 T_2.23, 6;
    %dup/vec4;
    %pushi/vec4 24, 0, 5;
    %cmp/u;
    %jmp/1 T_2.24, 6;
    %pushi/vec4 0, 0, 32;
    %store/vec4 v0x127115f90_0, 0, 32;
    %jmp T_2.26;
T_2.0 ;
    %load/vec4 v0x127115160_0;
    %store/vec4 v0x127115f90_0, 0, 32;
    %jmp T_2.26;
T_2.1 ;
    %load/vec4 v0x127115210_0;
    %store/vec4 v0x127115f90_0, 0, 32;
    %jmp T_2.26;
T_2.2 ;
    %load/vec4 v0x127115740_0;
    %store/vec4 v0x127115f90_0, 0, 32;
    %jmp T_2.26;
T_2.3 ;
    %load/vec4 v0x1271157f0_0;
    %store/vec4 v0x127115f90_0, 0, 32;
    %jmp T_2.26;
T_2.4 ;
    %load/vec4 v0x1271158a0_0;
    %store/vec4 v0x127115f90_0, 0, 32;
    %jmp T_2.26;
T_2.5 ;
    %load/vec4 v0x127115a30_0;
    %store/vec4 v0x127115f90_0, 0, 32;
    %jmp T_2.26;
T_2.6 ;
    %load/vec4 v0x127115ac0_0;
    %store/vec4 v0x127115f90_0, 0, 32;
    %jmp T_2.26;
T_2.7 ;
    %load/vec4 v0x127115b70_0;
    %store/vec4 v0x127115f90_0, 0, 32;
    %jmp T_2.26;
T_2.8 ;
    %load/vec4 v0x127115c20_0;
    %store/vec4 v0x127115f90_0, 0, 32;
    %jmp T_2.26;
T_2.9 ;
    %load/vec4 v0x127115cd0_0;
    %store/vec4 v0x127115f90_0, 0, 32;
    %jmp T_2.26;
T_2.10 ;
    %load/vec4 v0x1271152c0_0;
    %store/vec4 v0x127115f90_0, 0, 32;
    %jmp T_2.26;
T_2.11 ;
    %load/vec4 v0x1271153d0_0;
    %store/vec4 v0x127115f90_0, 0, 32;
    %jmp T_2.26;
T_2.12 ;
    %load/vec4 v0x127115480_0;
    %store/vec4 v0x127115f90_0, 0, 32;
    %jmp T_2.26;
T_2.13 ;
    %load/vec4 v0x127115530_0;
    %store/vec4 v0x127115f90_0, 0, 32;
    %jmp T_2.26;
T_2.14 ;
    %load/vec4 v0x1271155e0_0;
    %store/vec4 v0x127115f90_0, 0, 32;
    %jmp T_2.26;
T_2.15 ;
    %load/vec4 v0x127115690_0;
    %store/vec4 v0x127115f90_0, 0, 32;
    %jmp T_2.26;
T_2.16 ;
    %load/vec4 v0x1271150b0_0;
    %store/vec4 v0x127115f90_0, 0, 32;
    %jmp T_2.26;
T_2.17 ;
    %load/vec4 v0x127114dc0_0;
    %store/vec4 v0x127115f90_0, 0, 32;
    %jmp T_2.26;
T_2.18 ;
    %load/vec4 v0x127115d80_0;
    %store/vec4 v0x127115f90_0, 0, 32;
    %jmp T_2.26;
T_2.19 ;
    %load/vec4 v0x127114f10_0;
    %store/vec4 v0x127115f90_0, 0, 32;
    %jmp T_2.26;
T_2.20 ;
    %load/vec4 v0x127114fc0_0;
    %store/vec4 v0x127115f90_0, 0, 32;
    %jmp T_2.26;
T_2.21 ;
    %load/vec4 v0x127104d40_0;
    %store/vec4 v0x127115f90_0, 0, 32;
    %jmp T_2.26;
T_2.22 ;
    %load/vec4 v0x127114e60_0;
    %store/vec4 v0x127115f90_0, 0, 32;
    %jmp T_2.26;
T_2.23 ;
    %load/vec4 v0x127115ee0_0;
    %store/vec4 v0x127115f90_0, 0, 32;
    %jmp T_2.26;
T_2.24 ;
    %load/vec4 v0x127115e30_0;
    %store/vec4 v0x127115f90_0, 0, 32;
    %jmp T_2.26;
T_2.26 ;
    %pop/vec4 1;
    %jmp T_2;
    .thread T_2, $push;
    .scope S_0x127116b10;
T_3 ;
    %wait E_0x127116d80;
    %load/vec4 v0x1271170a0_0;
    %flag_set/vec4 8;
    %jmp/0xz  T_3.0, 8;
    %pushi/vec4 0, 0, 32;
    %assign/vec4 v0x127116ff0_0, 0;
    %jmp T_3.1;
T_3.0 ;
    %load/vec4 v0x127116f40_0;
    %flag_set/vec4 8;
    %jmp/0xz  T_3.2, 8;
    %load/vec4 v0x127116e90_0;
    %assign/vec4 v0x127116ff0_0, 0;
T_3.2 ;
T_3.1 ;
    %jmp T_3;
    .thread T_3;
    .scope S_0x127117440;
T_4 ;
    %wait E_0x127116d80;
    %load/vec4 v0x127117950_0;
    %flag_set/vec4 8;
    %jmp/0xz  T_4.0, 8;
    %pushi/vec4 0, 0, 32;
    %assign/vec4 v0x1271178c0_0, 0;
    %jmp T_4.1;
T_4.0 ;
    %load/vec4 v0x127117810_0;
    %flag_set/vec4 8;
    %jmp/0xz  T_4.2, 8;
    %load/vec4 v0x127117760_0;
    %assign/vec4 v0x1271178c0_0, 0;
T_4.2 ;
T_4.1 ;
    %jmp T_4;
    .thread T_4;
    .scope S_0x127117d00;
T_5 ;
    %wait E_0x127116d80;
    %load/vec4 v0x127118230_0;
    %flag_set/vec4 8;
    %jmp/0xz  T_5.0, 8;
    %pushi/vec4 0, 0, 32;
    %assign/vec4 v0x1271181a0_0, 0;
    %jmp T_5.1;
T_5.0 ;
    %load/vec4 v0x127118110_0;
    %flag_set/vec4 8;
    %jmp/0xz  T_5.2, 8;
    %load/vec4 v0x127118040_0;
    %assign/vec4 v0x1271181a0_0, 0;
T_5.2 ;
T_5.1 ;
    %jmp T_5;
    .thread T_5;
    .scope S_0x1271185f0;
T_6 ;
    %wait E_0x127116d80;
    %load/vec4 v0x127118ad0_0;
    %flag_set/vec4 8;
    %jmp/0xz  T_6.0, 8;
    %pushi/vec4 0, 0, 32;
    %assign/vec4 v0x127118a20_0, 0;
    %jmp T_6.1;
T_6.0 ;
    %load/vec4 v0x127118970_0;
    %flag_set/vec4 8;
    %jmp/0xz  T_6.2, 8;
    %load/vec4 v0x1271188d0_0;
    %assign/vec4 v0x127118a20_0, 0;
T_6.2 ;
T_6.1 ;
    %jmp T_6;
    .thread T_6;
    .scope S_0x127118ea0;
T_7 ;
    %wait E_0x127116d80;
    %load/vec4 v0x127119450_0;
    %flag_set/vec4 8;
    %jmp/0xz  T_7.0, 8;
    %pushi/vec4 0, 0, 32;
    %assign/vec4 v0x1271193c0_0, 0;
    %jmp T_7.1;
T_7.0 ;
    %load/vec4 v0x127119330_0;
    %flag_set/vec4 8;
    %jmp/0xz  T_7.2, 8;
    %load/vec4 v0x127119220_0;
    %assign/vec4 v0x1271193c0_0, 0;
T_7.2 ;
T_7.1 ;
    %jmp T_7;
    .thread T_7;
    .scope S_0x1271197e0;
T_8 ;
    %wait E_0x127116d80;
    %load/vec4 v0x127119cb0_0;
    %flag_set/vec4 8;
    %jmp/0xz  T_8.0, 8;
    %pushi/vec4 0, 0, 32;
    %assign/vec4 v0x127119c00_0, 0;
    %jmp T_8.1;
T_8.0 ;
    %load/vec4 v0x127119b50_0;
    %flag_set/vec4 8;
    %jmp/0xz  T_8.2, 8;
    %load/vec4 v0x127119ab0_0;
    %assign/vec4 v0x127119c00_0, 0;
T_8.2 ;
T_8.1 ;
    %jmp T_8;
    .thread T_8;
    .scope S_0x12711a050;
T_9 ;
    %wait E_0x127116d80;
    %load/vec4 v0x12711a530_0;
    %flag_set/vec4 8;
    %jmp/0xz  T_9.0, 8;
    %pushi/vec4 0, 0, 32;
    %assign/vec4 v0x12711a480_0, 0;
    %jmp T_9.1;
T_9.0 ;
    %load/vec4 v0x12711a3d0_0;
    %flag_set/vec4 8;
    %jmp/0xz  T_9.2, 8;
    %load/vec4 v0x12711a330_0;
    %assign/vec4 v0x12711a480_0, 0;
T_9.2 ;
T_9.1 ;
    %jmp T_9;
    .thread T_9;
    .scope S_0x12711a8d0;
T_10 ;
    %wait E_0x127116d80;
    %load/vec4 v0x12711adb0_0;
    %flag_set/vec4 8;
    %jmp/0xz  T_10.0, 8;
    %pushi/vec4 0, 0, 32;
    %assign/vec4 v0x12711ad00_0, 0;
    %jmp T_10.1;
T_10.0 ;
    %load/vec4 v0x12711ac50_0;
    %flag_set/vec4 8;
    %jmp/0xz  T_10.2, 8;
    %load/vec4 v0x12711abb0_0;
    %assign/vec4 v0x12711ad00_0, 0;
T_10.2 ;
T_10.1 ;
    %jmp T_10;
    .thread T_10;
    .scope S_0x12711b180;
T_11 ;
    %wait E_0x127116d80;
    %load/vec4 v0x12711b840_0;
    %flag_set/vec4 8;
    %jmp/0xz  T_11.0, 8;
    %pushi/vec4 0, 0, 32;
    %assign/vec4 v0x12711b7b0_0, 0;
    %jmp T_11.1;
T_11.0 ;
    %load/vec4 v0x12711b720_0;
    %flag_set/vec4 8;
    %jmp/0xz  T_11.2, 8;
    %load/vec4 v0x12711b590_0;
    %assign/vec4 v0x12711b7b0_0, 0;
T_11.2 ;
T_11.1 ;
    %jmp T_11;
    .thread T_11;
    .scope S_0x12711bbc0;
T_12 ;
    %wait E_0x127116d80;
    %load/vec4 v0x12711c070_0;
    %flag_set/vec4 8;
    %jmp/0xz  T_12.0, 8;
    %pushi/vec4 0, 0, 32;
    %assign/vec4 v0x12711bfc0_0, 0;
    %jmp T_12.1;
T_12.0 ;
    %load/vec4 v0x12711bf30_0;
    %flag_set/vec4 8;
    %jmp/0xz  T_12.2, 8;
    %load/vec4 v0x12711be90_0;
    %assign/vec4 v0x12711bfc0_0, 0;
T_12.2 ;
T_12.1 ;
    %jmp T_12;
    .thread T_12;
    .scope S_0x12711c420;
T_13 ;
    %wait E_0x127116d80;
    %load/vec4 v0x12711c8f0_0;
    %flag_set/vec4 8;
    %jmp/0xz  T_13.0, 8;
    %pushi/vec4 0, 0, 32;
    %assign/vec4 v0x12711c840_0, 0;
    %jmp T_13.1;
T_13.0 ;
    %load/vec4 v0x12711c7b0_0;
    %flag_set/vec4 8;
    %jmp/0xz  T_13.2, 8;
    %load/vec4 v0x12711c720_0;
    %assign/vec4 v0x12711c840_0, 0;
T_13.2 ;
T_13.1 ;
    %jmp T_13;
    .thread T_13;
    .scope S_0x12711cca0;
T_14 ;
    %wait E_0x127116d80;
    %load/vec4 v0x12711d170_0;
    %flag_set/vec4 8;
    %jmp/0xz  T_14.0, 8;
    %pushi/vec4 0, 0, 32;
    %assign/vec4 v0x12711d0c0_0, 0;
    %jmp T_14.1;
T_14.0 ;
    %load/vec4 v0x12711d030_0;
    %flag_set/vec4 8;
    %jmp/0xz  T_14.2, 8;
    %load/vec4 v0x12711cfa0_0;
    %assign/vec4 v0x12711d0c0_0, 0;
T_14.2 ;
T_14.1 ;
    %jmp T_14;
    .thread T_14;
    .scope S_0x12711d520;
T_15 ;
    %wait E_0x127116d80;
    %load/vec4 v0x12711d9f0_0;
    %flag_set/vec4 8;
    %jmp/0xz  T_15.0, 8;
    %pushi/vec4 0, 0, 32;
    %assign/vec4 v0x12711d940_0, 0;
    %jmp T_15.1;
T_15.0 ;
    %load/vec4 v0x12711d8b0_0;
    %flag_set/vec4 8;
    %jmp/0xz  T_15.2, 8;
    %load/vec4 v0x12711d820_0;
    %assign/vec4 v0x12711d940_0, 0;
T_15.2 ;
T_15.1 ;
    %jmp T_15;
    .thread T_15;
    .scope S_0x12711dda0;
T_16 ;
    %wait E_0x127116d80;
    %load/vec4 v0x12711e270_0;
    %flag_set/vec4 8;
    %jmp/0xz  T_16.0, 8;
    %pushi/vec4 0, 0, 32;
    %assign/vec4 v0x12711e1c0_0, 0;
    %jmp T_16.1;
T_16.0 ;
    %load/vec4 v0x12711e130_0;
    %flag_set/vec4 8;
    %jmp/0xz  T_16.2, 8;
    %load/vec4 v0x12711e0a0_0;
    %assign/vec4 v0x12711e1c0_0, 0;
T_16.2 ;
T_16.1 ;
    %jmp T_16;
    .thread T_16;
    .scope S_0x12711e620;
T_17 ;
    %wait E_0x127116d80;
    %load/vec4 v0x12711eaf0_0;
    %flag_set/vec4 8;
    %jmp/0xz  T_17.0, 8;
    %pushi/vec4 0, 0, 32;
    %assign/vec4 v0x12711ea40_0, 0;
    %jmp T_17.1;
T_17.0 ;
    %load/vec4 v0x12711e9b0_0;
    %flag_set/vec4 8;
    %jmp/0xz  T_17.2, 8;
    %load/vec4 v0x12711e920_0;
    %assign/vec4 v0x12711ea40_0, 0;
T_17.2 ;
T_17.1 ;
    %jmp T_17;
    .thread T_17;
    .scope S_0x12711eea0;
T_18 ;
    %wait E_0x127116d80;
    %load/vec4 v0x12711f370_0;
    %flag_set/vec4 8;
    %jmp/0xz  T_18.0, 8;
    %pushi/vec4 0, 0, 32;
    %assign/vec4 v0x12711f2c0_0, 0;
    %jmp T_18.1;
T_18.0 ;
    %load/vec4 v0x12711f230_0;
    %flag_set/vec4 8;
    %jmp/0xz  T_18.2, 8;
    %load/vec4 v0x12711f1a0_0;
    %assign/vec4 v0x12711f2c0_0, 0;
T_18.2 ;
T_18.1 ;
    %jmp T_18;
    .thread T_18;
    .scope S_0x12711fcf0;
T_19 ;
    %wait E_0x127116d80;
    %load/vec4 v0x1271202e0_0;
    %flag_set/vec4 8;
    %jmp/0xz  T_19.0, 8;
    %pushi/vec4 0, 0, 32;
    %assign/vec4 v0x127120250_0, 0;
    %jmp T_19.1;
T_19.0 ;
    %load/vec4 v0x1271201c0_0;
    %flag_set/vec4 8;
    %jmp/0xz  T_19.2, 8;
    %load/vec4 v0x12711b490_0;
    %assign/vec4 v0x127120250_0, 0;
T_19.2 ;
T_19.1 ;
    %jmp T_19;
    .thread T_19;
    .scope S_0x12711f4c0;
T_20 ;
    %wait E_0x12711f780;
    %pushi/vec4 0, 0, 64;
    %store/vec4 v0x12711b620_0, 0, 64;
    %load/vec4 v0x12711f890_0;
    %flag_set/vec4 8;
    %jmp/0xz  T_20.0, 8;
    %pushi/vec4 0, 0, 32;
    %load/vec4 v0x12711f7e0_0;
    %load/vec4 v0x12711f930_0;
    %and;
    %concat/vec4; draw_concat_vec4
    %store/vec4 v0x12711b620_0, 0, 64;
    %jmp T_20.1;
T_20.0 ;
    %load/vec4 v0x12711fbe0_0;
    %flag_set/vec4 8;
    %jmp/0xz  T_20.2, 8;
    %pushi/vec4 0, 0, 32;
    %load/vec4 v0x12711f7e0_0;
    %load/vec4 v0x12711f930_0;
    %or;
    %concat/vec4; draw_concat_vec4
    %store/vec4 v0x12711b620_0, 0, 64;
T_20.2 ;
T_20.1 ;
    %jmp T_20;
    .thread T_20, $push;
    .scope S_0x1271205b0;
T_21 ;
    %wait E_0x127116d80;
    %load/vec4 v0x1271209e0_0;
    %flag_set/vec4 8;
    %jmp/0xz  T_21.0, 8;
    %pushi/vec4 0, 0, 64;
    %assign/vec4 v0x127120950_0, 0;
    %jmp T_21.1;
T_21.0 ;
    %load/vec4 v0x1271208c0_0;
    %flag_set/vec4 8;
    %jmp/0xz  T_21.2, 8;
    %load/vec4 v0x127120830_0;
    %assign/vec4 v0x127120950_0, 0;
T_21.2 ;
T_21.1 ;
    %jmp T_21;
    .thread T_21;
    .scope S_0x1271164f0;
T_22 ;
    %wait E_0x127104570;
    %load/vec4 v0x1271217e0_0;
    %cmpi/u 15, 0, 5;
    %flag_or 5, 4;
    %jmp/0xz  T_22.0, 5;
    %load/vec4 v0x1271217e0_0;
    %pad/u 6;
    %ix/vec4 4;
    %load/vec4a v0x127120e70, 4;
    %store/vec4 v0x127121750_0, 0, 32;
    %jmp T_22.1;
T_22.0 ;
    %load/vec4 v0x1271217e0_0;
    %dup/vec4;
    %pushi/vec4 19, 0, 5;
    %cmp/u;
    %jmp/1 T_22.2, 6;
    %dup/vec4;
    %pushi/vec4 22, 0, 5;
    %cmp/u;
    %jmp/1 T_22.3, 6;
    %pushi/vec4 0, 0, 32;
    %store/vec4 v0x127121750_0, 0, 32;
    %jmp T_22.5;
T_22.2 ;
    %load/vec4 v0x1271216c0_0;
    %store/vec4 v0x127121750_0, 0, 32;
    %jmp T_22.5;
T_22.3 ;
    %load/vec4 v0x127120d10_0;
    %store/vec4 v0x127121750_0, 0, 32;
    %jmp T_22.5;
T_22.5 ;
    %pop/vec4 1;
T_22.1 ;
    %jmp T_22;
    .thread T_22, $push;
    .scope S_0x127104870;
T_23 ;
    %pushi/vec4 0, 0, 1;
    %store/vec4 v0x1271226a0_0, 0, 1;
    %end;
    .thread T_23, $init;
    .scope S_0x127104870;
T_24 ;
    %delay 5000, 0;
    %load/vec4 v0x1271226a0_0;
    %inv;
    %store/vec4 v0x1271226a0_0, 0, 1;
    %jmp T_24;
    .thread T_24;
    .scope S_0x127104870;
T_25 ;
    %vpi_call/w 4 61 "$dumpfile", "logic.vcd" {0 0 0};
    %vpi_call/w 4 62 "$dumpvars", 32'sb00000000000000000000000000000000, S_0x127104870 {0 0 0};
    %fork TD_tb_logic.clear_ctrl, S_0x127116380;
    %join;
    %pushi/vec4 1, 0, 1;
    %store/vec4 v0x127122730_0, 0, 1;
    %pushi/vec4 0, 0, 32;
    %store/vec4 v0x127121e90_0, 0, 32;
    %fork TD_tb_logic.tick, S_0x127121b50;
    %join;
    %pushi/vec4 0, 0, 1;
    %store/vec4 v0x127122730_0, 0, 1;
    %fork TD_tb_logic.clear_ctrl, S_0x127116380;
    %join;
    %pushi/vec4 65535, 0, 32;
    %store/vec4 v0x127121e90_0, 0, 32;
    %pushi/vec4 22, 0, 5;
    %store/vec4 v0x127122610_0, 0, 5;
    %pushi/vec4 1, 0, 1;
    %ix/load 4, 5, 0;
    %flag_set/imm 4, 0;
    %store/vec4 v0x127122220_0, 4, 1;
    %fork TD_tb_logic.tick, S_0x127121b50;
    %join;
    %fork TD_tb_logic.clear_ctrl, S_0x127116380;
    %join;
    %pushi/vec4 61455, 0, 32;
    %store/vec4 v0x127121e90_0, 0, 32;
    %pushi/vec4 22, 0, 5;
    %store/vec4 v0x127122610_0, 0, 5;
    %pushi/vec4 1, 0, 1;
    %ix/load 4, 6, 0;
    %flag_set/imm 4, 0;
    %store/vec4 v0x127122220_0, 4, 1;
    %fork TD_tb_logic.tick, S_0x127121b50;
    %join;
    %fork TD_tb_logic.clear_ctrl, S_0x127116380;
    %join;
    %pushi/vec4 5, 0, 5;
    %store/vec4 v0x127122610_0, 0, 5;
    %pushi/vec4 1, 0, 1;
    %store/vec4 v0x1271223e0_0, 0, 1;
    %fork TD_tb_logic.tick, S_0x127121b50;
    %join;
    %fork TD_tb_logic.clear_ctrl, S_0x127116380;
    %join;
    %pushi/vec4 6, 0, 5;
    %store/vec4 v0x127122610_0, 0, 5;
    %pushi/vec4 1, 0, 1;
    %store/vec4 v0x127121d30_0, 0, 1;
    %pushi/vec4 1, 0, 1;
    %store/vec4 v0x127122540_0, 0, 1;
    %fork TD_tb_logic.tick, S_0x127121b50;
    %join;
    %fork TD_tb_logic.clear_ctrl, S_0x127116380;
    %join;
    %pushi/vec4 19, 0, 5;
    %store/vec4 v0x127122610_0, 0, 5;
    %pushi/vec4 1, 0, 1;
    %ix/load 4, 2, 0;
    %flag_set/imm 4, 0;
    %store/vec4 v0x127122220_0, 4, 1;
    %fork TD_tb_logic.tick, S_0x127121b50;
    %join;
    %load/vec4 v0x127122010_0;
    %cmpi/ne 61455, 0, 32;
    %jmp/0xz  T_25.0, 6;
    %vpi_call/w 4 106 "$display", "FAIL AND: R2=%h expected=%h", v0x127122010_0, 32'b10100000101000000000010100000101 {0 0 0};
    %vpi_call/w 4 107 "$fatal" {0 0 0};
T_25.0 ;
    %vpi_call/w 4 109 "$display", "PASS AND: R2=%h", v0x127122010_0 {0 0 0};
    %fork TD_tb_logic.clear_ctrl, S_0x127116380;
    %join;
    %pushi/vec4 5, 0, 5;
    %store/vec4 v0x127122610_0, 0, 5;
    %pushi/vec4 1, 0, 1;
    %store/vec4 v0x1271223e0_0, 0, 1;
    %fork TD_tb_logic.tick, S_0x127121b50;
    %join;
    %fork TD_tb_logic.clear_ctrl, S_0x127116380;
    %join;
    %pushi/vec4 6, 0, 5;
    %store/vec4 v0x127122610_0, 0, 5;
    %pushi/vec4 1, 0, 1;
    %store/vec4 v0x127121f40_0, 0, 1;
    %pushi/vec4 1, 0, 1;
    %store/vec4 v0x127122540_0, 0, 1;
    %fork TD_tb_logic.tick, S_0x127121b50;
    %join;
    %fork TD_tb_logic.clear_ctrl, S_0x127116380;
    %join;
    %pushi/vec4 19, 0, 5;
    %store/vec4 v0x127122610_0, 0, 5;
    %pushi/vec4 1, 0, 1;
    %ix/load 4, 2, 0;
    %flag_set/imm 4, 0;
    %store/vec4 v0x127122220_0, 4, 1;
    %fork TD_tb_logic.tick, S_0x127121b50;
    %join;
    %load/vec4 v0x127122010_0;
    %cmpi/ne 65535, 0, 32;
    %jmp/0xz  T_25.2, 6;
    %vpi_call/w 4 133 "$display", "FAIL OR: R2=%h expected=%h", v0x127122010_0, 32'b11111010111110100101111101011111 {0 0 0};
    %vpi_call/w 4 134 "$fatal" {0 0 0};
T_25.2 ;
    %vpi_call/w 4 136 "$display", "PASS OR: R2=%h", v0x127122010_0 {0 0 0};
    %vpi_call/w 4 138 "$finish" {0 0 0};
    %end;
    .thread T_25;
# The file index is used to find the file name in the following table.
:file_names 9;
    "N/A";
    "<interactive>";
    "-";
    "datapath/bus_mux.v";
    "tb/tb_logic.v";
    "datapath/datapath.v";
    "datapath/register32.v";
    "datapath/alu_logic.v";
    "datapath/register64.v";
